# JRE version: Java(TM) SE Runtime Environment (7.0_51-b13) (build 1.7.0_51-b13)
# Java VM: Java HotSpot(TM) 64-Bit Server VM (24.51-b03 mixed mode bsd-amd64 compressed oops)
Heap
 PSYoungGen      total 1335808K, used 83375K [0x00000007aaa80000, 0x0000000800000000, 0x0000000800000000)
  eden space 1335296K, 6% used [0x00000007aaa80000,0x00000007aff3c100,0x00000007fc280000)
  from space 512K, 0% used [0x00000007fff80000,0x00000007fff80000,0x0000000800000000)
  to   space 512K, 0% used [0x00000007fff00000,0x00000007fff00000,0x00000007fff80000)
 ParOldGen       total 243712K, used 77665K [0x0000000700000000, 0x000000070ee00000, 0x00000007aaa80000)
  object space 243712K, 31% used [0x0000000700000000,0x0000000704bd8590,0x000000070ee00000)
 PSPermGen       total 21504K, used 8515K [0x00000006fae00000, 0x00000006fc300000, 0x0000000700000000)
  object space 21504K, 39% used [0x00000006fae00000,0x00000006fb650c18,0x00000006fc300000)
GC Heap History (10 events):
Event: 34815.320 GC heap before
{Heap before GC invocations=338226 (full 29):
 PSYoungGen      total 1335808K, used 1335552K [0x00000007aaa80000, 0x0000000800000000, 0x0000000800000000)
  eden space 1335296K, 100% used [0x00000007aaa80000,0x00000007fc280000,0x00000007fc280000)
  from space 512K, 50% used [0x00000007fff80000,0x00000007fffc0000,0x0000000800000000)
  to   space 512K, 0% used [0x00000007fff00000,0x00000007fff00000,0x00000007fff80000)
 ParOldGen       total 267264K, used 267066K [0x0000000700000000, 0x0000000710500000, 0x00000007aaa80000)
  object space 267264K, 99% used [0x0000000700000000,0x00000007104ce9f0,0x0000000710500000)
 PSPermGen       total 21504K, used 8515K [0x00000006fae00000, 0x00000006fc300000, 0x0000000700000000)
  object space 21504K, 39% used [0x00000006fae00000,0x00000006fb650c18,0x00000006fc300000)
Event: 34815.322 GC heap after
Heap after GC invocations=338226 (full 29):
 PSYoungGen      total 1397760K, used 160K [0x00000007aaa80000, 0x0000000800000000, 0x0000000800000000)
  eden space 1397248K, 0% used [0x00000007aaa80000,0x00000007aaa80000,0x00000007fff00000)
  from space 512K, 31% used [0x00000007fff00000,0x00000007fff28000,0x00000007fff80000)
  to   space 512K, 0% used [0x00000007fff80000,0x00000007fff80000,0x0000000800000000)
 ParOldGen       total 267264K, used 267066K [0x0000000700000000, 0x0000000710500000, 0x00000007aaa80000)
  object space 267264K, 99% used [0x0000000700000000,0x00000007104ce9f0,0x0000000710500000)
 PSPermGen       total 21504K, used 8515K [0x00000006fae00000, 0x00000006fc300000, 0x0000000700000000)
  object space 21504K, 39% used [0x00000006fae00000,0x00000006fb650c18,0x00000006fc300000)
}
Event: 34815.470 GC heap before
{Heap before GC invocations=338227 (full 29):
 PSYoungGen      total 1397760K, used 1397408K [0x00000007aaa80000, 0x0000000800000000, 0x0000000800000000)
  eden space 1397248K, 100% used [0x00000007aaa80000,0x00000007fff00000,0x00000007fff00000)
  from space 512K, 31% used [0x00000007fff00000,0x00000007fff28000,0x00000007fff80000)
  to   space 512K, 0% used [0x00000007fff80000,0x00000007fff80000,0x0000000800000000)
 ParOldGen       total 268800K, used 268685K [0x0000000700000000, 0x0000000710680000, 0x00000007aaa80000)
  object space 268800K, 99% used [0x0000000700000000,0x00000007106637a8,0x0000000710680000)
 PSPermGen       total 21504K, used 8515K [0x00000006fae00000, 0x00000006fc300000, 0x0000000700000000)
  object space 21504K, 39% used [0x00000006fae00000,0x00000006fb650c18,0x00000006fc300000)
Event: 34815.472 GC heap after
Heap after GC invocations=338227 (full 29):
 PSYoungGen      total 1397760K, used 256K [0x00000007aaa80000, 0x0000000800000000, 0x0000000800000000)
  eden space 1397248K, 0% used [0x00000007aaa80000,0x00000007aaa80000,0x00000007fff00000)
  from space 512K, 50% used [0x00000007fff80000,0x00000007fffc0000,0x0000000800000000)
  to   space 512K, 0% used [0x00000007fff00000,0x00000007fff00000,0x00000007fff80000)
 ParOldGen       total 268800K, used 268685K [0x0000000700000000, 0x0000000710680000, 0x00000007aaa80000)
  object space 268800K, 99% used [0x0000000700000000,0x00000007106637a8,0x0000000710680000)
 PSPermGen       total 21504K, used 8515K [0x00000006fae00000, 0x00000006fc300000, 0x0000000700000000)
  object space 21504K, 39% used [0x00000006fae00000,0x00000006fb650c18,0x00000006fc300000)
}
Event: 34815.605 GC heap before
{Heap before GC invocations=338228 (full 29):
 PSYoungGen      total 1397760K, used 1397504K [0x00000007aaa80000, 0x0000000800000000, 0x0000000800000000)
  eden space 1397248K, 100% used [0x00000007aaa80000,0x00000007fff00000,0x00000007fff00000)
  from space 512K, 50% used [0x00000007fff80000,0x00000007fffc0000,0x0000000800000000)
  to   space 512K, 0% used [0x00000007fff00000,0x00000007fff00000,0x00000007fff80000)
 ParOldGen       total 268800K, used 268687K [0x0000000700000000, 0x0000000710680000, 0x00000007aaa80000)
  object space 268800K, 99% used [0x0000000700000000,0x0000000710663f20,0x0000000710680000)
 PSPermGen       total 21504K, used 8515K [0x00000006fae00000, 0x00000006fc300000, 0x0000000700000000)
  object space 21504K, 39% used [0x00000006fae00000,0x00000006fb650c18,0x00000006fc300000)
Event: 34815.606 GC heap after
Heap after GC invocations=338228 (full 29):
 PSYoungGen      total 1397760K, used 224K [0x00000007aaa80000, 0x0000000800000000, 0x0000000800000000)
  eden space 1397248K, 0% used [0x00000007aaa80000,0x00000007aaa80000,0x00000007fff00000)
  from space 512K, 43% used [0x00000007fff00000,0x00000007fff38000,0x00000007fff80000)
  to   space 512K, 0% used [0x00000007fff80000,0x00000007fff80000,0x0000000800000000)
 ParOldGen       total 268800K, used 268743K [0x0000000700000000, 0x0000000710680000, 0x00000007aaa80000)
  object space 268800K, 99% used [0x0000000700000000,0x0000000710671f20,0x0000000710680000)
 PSPermGen       total 21504K, used 8515K [0x00000006fae00000, 0x00000006fc300000, 0x0000000700000000)
  object space 21504K, 39% used [0x00000006fae00000,0x00000006fb650c18,0x00000006fc300000)
}
Event: 34815.741 GC heap before
{Heap before GC invocations=338229 (full 29):
 PSYoungGen      total 1397760K, used 1397472K [0x00000007aaa80000, 0x0000000800000000, 0x0000000800000000)
  eden space 1397248K, 100% used [0x00000007aaa80000,0x00000007fff00000,0x00000007fff00000)
  from space 512K, 43% used [0x00000007fff00000,0x00000007fff38000,0x00000007fff80000)
  to   space 512K, 0% used [0x00000007fff80000,0x00000007fff80000,0x0000000800000000)
 ParOldGen       total 268800K, used 268743K [0x0000000700000000, 0x0000000710680000, 0x00000007aaa80000)
  object space 268800K, 99% used [0x0000000700000000,0x0000000710671f20,0x0000000710680000)
 PSPermGen       total 21504K, used 8515K [0x00000006fae00000, 0x00000006fc300000, 0x0000000700000000)
  object space 21504K, 39% used [0x00000006fae00000,0x00000006fb650c18,0x00000006fc300000)
Event: 34815.742 GC heap after
Heap after GC invocations=338229 (full 29):
 PSYoungGen      total 1335808K, used 256K [0x00000007aaa80000, 0x0000000800000000, 0x0000000800000000)
  eden space 1335296K, 0% used [0x00000007aaa80000,0x00000007aaa80000,0x00000007fc280000)
  from space 512K, 50% used [0x00000007fff80000,0x00000007fffc0000,0x0000000800000000)
  to   space 512K, 0% used [0x00000007fff00000,0x00000007fff00000,0x00000007fff80000)
 ParOldGen       total 268800K, used 268791K [0x0000000700000000, 0x0000000710680000, 0x00000007aaa80000)
  object space 268800K, 99% used [0x0000000700000000,0x000000071067df20,0x0000000710680000)
 PSPermGen       total 21504K, used 8515K [0x00000006fae00000, 0x00000006fc300000, 0x0000000700000000)
  object space 21504K, 39% used [0x00000006fae00000,0x00000006fb650c18,0x00000006fc300000)
}
Event: 34815.742 GC heap before
{Heap before GC invocations=338230 (full 30):
 PSYoungGen      total 1335808K, used 256K [0x00000007aaa80000, 0x0000000800000000, 0x0000000800000000)
  eden space 1335296K, 0% used [0x00000007aaa80000,0x00000007aaa80000,0x00000007fc280000)
  from space 512K, 50% used [0x00000007fff80000,0x00000007fffc0000,0x0000000800000000)
  to   space 512K, 0% used [0x00000007fff00000,0x00000007fff00000,0x00000007fff80000)
 ParOldGen       total 268800K, used 268791K [0x0000000700000000, 0x0000000710680000, 0x00000007aaa80000)
  object space 268800K, 99% used [0x0000000700000000,0x000000071067df20,0x0000000710680000)
 PSPermGen       total 21504K, used 8515K [0x00000006fae00000, 0x00000006fc300000, 0x0000000700000000)
  object space 21504K, 39% used [0x00000006fae00000,0x00000006fb650c18,0x00000006fc300000)
Event: 34815.775 GC heap after
Heap after GC invocations=338230 (full 30):
 PSYoungGen      total 1335808K, used 0K [0x00000007aaa80000, 0x0000000800000000, 0x0000000800000000)
  eden space 1335296K, 0% used [0x00000007aaa80000,0x00000007aaa80000,0x00000007fc280000)
  from space 512K, 0% used [0x00000007fff80000,0x00000007fff80000,0x0000000800000000)
  to   space 512K, 0% used [0x00000007fff00000,0x00000007fff00000,0x00000007fff80000)
 ParOldGen       total 243712K, used 77665K [0x0000000700000000, 0x000000070ee00000, 0x00000007aaa80000)
  object space 243712K, 31% used [0x0000000700000000,0x0000000704bd8590,0x000000070ee00000)
 PSPermGen       total 21504K, used 8515K [0x00000006fae00000, 0x00000006fc300000, 0x0000000700000000)
  object space 21504K, 39% used [0x00000006fae00000,0x00000006fb650c18,0x00000006fc300000)
}

