# JRE version: Java(TM) SE Runtime Environment (7.0_51-b13) (build 1.7.0_51-b13)
# Java VM: Java HotSpot(TM) 64-Bit Server VM (24.51-b03 mixed mode bsd-amd64 compressed oops)
Heap
 PSYoungGen      total 1073152K, used 41654K [0x00000007aaa80000, 0x0000000800000000, 0x0000000800000000)
  eden space 1072640K, 3% used [0x00000007aaa80000,0x00000007ad32db10,0x00000007ec200000)
  from space 512K, 0% used [0x00000007fff00000,0x00000007fff00000,0x00000007fff80000)
  to   space 512K, 0% used [0x00000007fff80000,0x00000007fff80000,0x0000000800000000)
 ParOldGen       total 232960K, used 62867K [0x0000000700000000, 0x000000070e380000, 0x00000007aaa80000)
  object space 232960K, 26% used [0x0000000700000000,0x0000000703d64e00,0x000000070e380000)
 PSPermGen       total 21504K, used 8481K [0x00000006fae00000, 0x00000006fc300000, 0x0000000700000000)
  object space 21504K, 39% used [0x00000006fae00000,0x00000006fb648620,0x00000006fc300000)
GC Heap History (10 events):
Event: 104.161 GC heap before
{Heap before GC invocations=636 (full 4):
 PSYoungGen      total 877056K, used 876800K [0x00000007aaa80000, 0x0000000800000000, 0x0000000800000000)
  eden space 876544K, 100% used [0x00000007aaa80000,0x00000007e0280000,0x00000007e0280000)
  from space 512K, 50% used [0x00000007fff00000,0x00000007fff40000,0x00000007fff80000)
  to   space 512K, 0% used [0x00000007fff80000,0x00000007fff80000,0x0000000800000000)
 ParOldGen       total 196096K, used 170582K [0x0000000700000000, 0x000000070bf80000, 0x00000007aaa80000)
  object space 196096K, 86% used [0x0000000700000000,0x000000070a695a30,0x000000070bf80000)
 PSPermGen       total 21504K, used 8478K [0x00000006fae00000, 0x00000006fc300000, 0x0000000700000000)
  object space 21504K, 39% used [0x00000006fae00000,0x00000006fb647970,0x00000006fc300000)
Event: 104.162 GC heap after
Heap after GC invocations=636 (full 4):
 PSYoungGen      total 839168K, used 224K [0x00000007aaa80000, 0x0000000800000000, 0x0000000800000000)
  eden space 838656K, 0% used [0x00000007aaa80000,0x00000007aaa80000,0x00000007ddd80000)
  from space 512K, 43% used [0x00000007fff80000,0x00000007fffb8000,0x0000000800000000)
  to   space 512K, 0% used [0x00000007fff00000,0x00000007fff00000,0x00000007fff80000)
 ParOldGen       total 196096K, used 170622K [0x0000000700000000, 0x000000070bf80000, 0x00000007aaa80000)
  object space 196096K, 87% used [0x0000000700000000,0x000000070a69fa30,0x000000070bf80000)
 PSPermGen       total 21504K, used 8478K [0x00000006fae00000, 0x00000006fc300000, 0x0000000700000000)
  object space 21504K, 39% used [0x00000006fae00000,0x00000006fb647970,0x00000006fc300000)
}
Event: 104.299 GC heap before
{Heap before GC invocations=637 (full 4):
 PSYoungGen      total 839168K, used 838880K [0x00000007aaa80000, 0x0000000800000000, 0x0000000800000000)
  eden space 838656K, 100% used [0x00000007aaa80000,0x00000007ddd80000,0x00000007ddd80000)
  from space 512K, 43% used [0x00000007fff80000,0x00000007fffb8000,0x0000000800000000)
  to   space 512K, 0% used [0x00000007fff00000,0x00000007fff00000,0x00000007fff80000)
 ParOldGen       total 196096K, used 170622K [0x0000000700000000, 0x000000070bf80000, 0x00000007aaa80000)
  object space 196096K, 87% used [0x0000000700000000,0x000000070a69fa30,0x000000070bf80000)
 PSPermGen       total 21504K, used 8478K [0x00000006fae00000, 0x00000006fc300000, 0x0000000700000000)
  object space 21504K, 39% used [0x00000006fae00000,0x00000006fb647970,0x00000006fc300000)
Event: 104.300 GC heap after
Heap after GC invocations=637 (full 4):
 PSYoungGen      total 803328K, used 256K [0x00000007aaa80000, 0x0000000800000000, 0x0000000800000000)
  eden space 802816K, 0% used [0x00000007aaa80000,0x00000007aaa80000,0x00000007dba80000)
  from space 512K, 50% used [0x00000007fff00000,0x00000007fff40000,0x00000007fff80000)
  to   space 512K, 0% used [0x00000007fff80000,0x00000007fff80000,0x0000000800000000)
 ParOldGen       total 196096K, used 170630K [0x0000000700000000, 0x000000070bf80000, 0x00000007aaa80000)
  object space 196096K, 87% used [0x0000000700000000,0x000000070a6a1a30,0x000000070bf80000)
 PSPermGen       total 21504K, used 8478K [0x00000006fae00000, 0x00000006fc300000, 0x0000000700000000)
  object space 21504K, 39% used [0x00000006fae00000,0x00000006fb647970,0x00000006fc300000)
}
Event: 104.459 GC heap before
{Heap before GC invocations=638 (full 4):
 PSYoungGen      total 803328K, used 800412K [0x00000007aaa80000, 0x0000000800000000, 0x0000000800000000)
  eden space 802816K, 99% used [0x00000007aaa80000,0x00000007db7e73c8,0x00000007dba80000)
  from space 512K, 50% used [0x00000007fff00000,0x00000007fff40000,0x00000007fff80000)
  to   space 512K, 0% used [0x00000007fff80000,0x00000007fff80000,0x0000000800000000)
 ParOldGen       total 196096K, used 170630K [0x0000000700000000, 0x000000070bf80000, 0x00000007aaa80000)
  object space 196096K, 87% used [0x0000000700000000,0x000000070a6a1a30,0x000000070bf80000)
 PSPermGen       total 21504K, used 8478K [0x00000006fae00000, 0x00000006fc300000, 0x0000000700000000)
  object space 21504K, 39% used [0x00000006fae00000,0x00000006fb647970,0x00000006fc300000)
Event: 104.461 GC heap after
Heap after GC invocations=638 (full 4):
 PSYoungGen      total 915456K, used 224K [0x00000007aaa80000, 0x0000000800000000, 0x0000000800000000)
  eden space 914944K, 0% used [0x00000007aaa80000,0x00000007aaa80000,0x00000007e2800000)
  from space 512K, 43% used [0x00000007fff80000,0x00000007fffb8000,0x0000000800000000)
  to   space 512K, 0% used [0x00000007fff00000,0x00000007fff00000,0x00000007fff80000)
 ParOldGen       total 196096K, used 178822K [0x0000000700000000, 0x000000070bf80000, 0x00000007aaa80000)
  object space 196096K, 91% used [0x0000000700000000,0x000000070aea1a40,0x000000070bf80000)
 PSPermGen       total 21504K, used 8478K [0x00000006fae00000, 0x00000006fc300000, 0x0000000700000000)
  object space 21504K, 39% used [0x00000006fae00000,0x00000006fb647970,0x00000006fc300000)
}
Event: 104.898 GC heap before
{Heap before GC invocations=639 (full 4):
 PSYoungGen      total 915456K, used 915168K [0x00000007aaa80000, 0x0000000800000000, 0x0000000800000000)
  eden space 914944K, 100% used [0x00000007aaa80000,0x00000007e2800000,0x00000007e2800000)
  from space 512K, 43% used [0x00000007fff80000,0x00000007fffb8000,0x0000000800000000)
  to   space 512K, 0% used [0x00000007fff00000,0x00000007fff00000,0x00000007fff80000)
 ParOldGen       total 196096K, used 178822K [0x0000000700000000, 0x000000070bf80000, 0x00000007aaa80000)
  object space 196096K, 91% used [0x0000000700000000,0x000000070aea1a40,0x000000070bf80000)
 PSPermGen       total 21504K, used 8481K [0x00000006fae00000, 0x00000006fc300000, 0x0000000700000000)
  object space 21504K, 39% used [0x00000006fae00000,0x00000006fb648620,0x00000006fc300000)
Event: 104.924 GC heap after
Heap after GC invocations=639 (full 4):
 PSYoungGen      total 1073152K, used 512K [0x00000007aaa80000, 0x0000000800000000, 0x0000000800000000)
  eden space 1072640K, 0% used [0x00000007aaa80000,0x00000007aaa80000,0x00000007ec200000)
  from space 512K, 100% used [0x00000007fff00000,0x00000007fff80000,0x00000007fff80000)
  to   space 512K, 0% used [0x00000007fff80000,0x00000007fff80000,0x0000000800000000)
 ParOldGen       total 250368K, used 247750K [0x0000000700000000, 0x000000070f480000, 0x00000007aaa80000)
  object space 250368K, 98% used [0x0000000700000000,0x000000070f1f1aa0,0x000000070f480000)
 PSPermGen       total 21504K, used 8481K [0x00000006fae00000, 0x00000006fc300000, 0x0000000700000000)
  object space 21504K, 39% used [0x00000006fae00000,0x00000006fb648620,0x00000006fc300000)
}
Event: 104.924 GC heap before
{Heap before GC invocations=640 (full 5):
 PSYoungGen      total 1073152K, used 512K [0x00000007aaa80000, 0x0000000800000000, 0x0000000800000000)
  eden space 1072640K, 0% used [0x00000007aaa80000,0x00000007aaa80000,0x00000007ec200000)
  from space 512K, 100% used [0x00000007fff00000,0x00000007fff80000,0x00000007fff80000)
  to   space 512K, 0% used [0x00000007fff80000,0x00000007fff80000,0x0000000800000000)
 ParOldGen       total 250368K, used 247750K [0x0000000700000000, 0x000000070f480000, 0x00000007aaa80000)
  object space 250368K, 98% used [0x0000000700000000,0x000000070f1f1aa0,0x000000070f480000)
 PSPermGen       total 21504K, used 8481K [0x00000006fae00000, 0x00000006fc300000, 0x0000000700000000)
  object space 21504K, 39% used [0x00000006fae00000,0x00000006fb648620,0x00000006fc300000)
Event: 104.983 GC heap after
Heap after GC invocations=640 (full 5):
 PSYoungGen      total 1073152K, used 0K [0x00000007aaa80000, 0x0000000800000000, 0x0000000800000000)
  eden space 1072640K, 0% used [0x00000007aaa80000,0x00000007aaa80000,0x00000007ec200000)
  from space 512K, 0% used [0x00000007fff00000,0x00000007fff00000,0x00000007fff80000)
  to   space 512K, 0% used [0x00000007fff80000,0x00000007fff80000,0x0000000800000000)
 ParOldGen       total 232960K, used 62867K [0x0000000700000000, 0x000000070e380000, 0x00000007aaa80000)
  object space 232960K, 26% used [0x0000000700000000,0x0000000703d64e00,0x000000070e380000)
 PSPermGen       total 21504K, used 8481K [0x00000006fae00000, 0x00000006fc300000, 0x0000000700000000)
  object space 21504K, 39% used [0x00000006fae00000,0x00000006fb648620,0x00000006fc300000)
}

